<?xml version="1.0" encoding="UTF-8"?>
<!-- Generated by org.testng.reporters.JUnitXMLReporter -->
<testsuite ignored="2" hostname="LTIN496259" failures="0" tests="2" name="E2E_TestCases" time="182.019" errors="0" timestamp="2025-05-07T03:42:52 IST">
  <testcase classname="E2E_Testcases.TC292_P0_E2E_CreateColors_Solid" name="P0_TC_292_E2E_CreateColors_Solid" time="38.001"/>
  <testcase classname="E2E_Testcases.TC307_P0_E2E_MaterialCreation_YarnFabri" name="P0_TC06_E2E_MaterialCreation_YarnFabri" time="108.33"/>
  <testcase classname="com.WMS_Utilities.WMS_TestBase" name="@BeforeTest CreateSummary" time="0.0">
    <ignored/>
  </testcase> <!-- @BeforeTest CreateSummary -->
  <testcase classname="com.WMS_Utilities.WMS_TestBase" name="@AfterSuite tearDown" time="0.0">
    <ignored/>
  </testcase> <!-- @AfterSuite tearDown -->
</testsuite> <!-- E2E_TestCases -->
