<?xml version="1.0" encoding="UTF-8"?>
<testng-results ignored="0" total="1" passed="1" failed="0" skipped="0">
  <reporter-output>
  </reporter-output>
  <suite started-at="2025-07-02T09:11:02 IST" name="Default suite" finished-at="2025-07-02T09:12:04 IST" duration-ms="61555">
    <groups>
      <group name="E2E_TC">
        <method signature="ST_TC11_Create_Color.ST_TC11_Create_Color_(java.lang.String,java.lang.String,java.lang.String,java.lang.String,java.lang.String,java.lang.String,java.lang.String,java.lang.String,java.lang.String,java.lang.String)[pri:0, instance:smoketests.ST_TC11_Create_Color@66ea810]" name="ST_TC11_Create_Color_" class="smoketests.ST_TC11_Create_Color"/>
      </group> <!-- E2E_TC -->
    </groups>
    <test started-at="2025-07-02T09:11:02 IST" name="Default test" finished-at="2025-07-02T09:12:04 IST" duration-ms="61555">
      <class name="smoketests.ST_TC11_Create_Color">
        <test-method is-config="true" signature="CreateSummary()[pri:0, instance:smoketests.ST_TC11_Create_Color@66ea810]" started-at="2025-07-02T09:11:02 IST" name="CreateSummary" finished-at="2025-07-02T09:11:02 IST" duration-ms="15" status="PASS">
          <reporter-output>
          </reporter-output>
        </test-method> <!-- CreateSummary -->
        <test-method is-config="true" signature="setUp()[pri:0, instance:smoketests.ST_TC11_Create_Color@66ea810]" started-at="2025-07-02T09:11:04 IST" name="setUp" finished-at="2025-07-02T09:11:25 IST" duration-ms="21484" status="PASS">
          <reporter-output>
          </reporter-output>
        </test-method> <!-- setUp -->
        <test-method signature="ST_TC11_Create_Color_(java.lang.String,java.lang.String,java.lang.String,java.lang.String,java.lang.String,java.lang.String,java.lang.String,java.lang.String,java.lang.String,java.lang.String)[pri:0, instance:smoketests.ST_TC11_Create_Color@66ea810]" started-at="2025-07-02T09:11:25 IST" name="ST_TC11_Create_Color_" data-provider="TC292_P0_E2E_CreateColors_Solid" finished-at="2025-07-02T09:12:03 IST" duration-ms="38197" status="PASS">
          <params>
            <param index="0">
              <value>
                <![CDATA[TC292_P0_E2E_CreateColors_Solid]]>
              </value>
            </param>
            <param index="1">
              <value>
                <![CDATA[Solid Colors]]>
              </value>
            </param>
            <param index="2">
              <value>
                <![CDATA[150]]>
              </value>
            </param>
            <param index="3">
              <value>
                <![CDATA[150]]>
              </value>
            </param>
            <param index="4">
              <value>
                <![CDATA[150]]>
              </value>
            </param>
            <param index="5">
              <value>
                <![CDATA[Tans]]>
              </value>
            </param>
            <param index="6">
              <value>
                <![CDATA[Scotdic]]>
              </value>
            </param>
            <param index="7">
              <value>
                <![CDATA[111187]]>
              </value>
            </param>
            <param index="8">
              <value>
                <![CDATA[AutomationTest_05]]>
              </value>
            </param>
            <param index="9">
              <value>
                <![CDATA[Levis_test_05]]>
              </value>
            </param>
          </params>
          <reporter-output>
          </reporter-output>
        </test-method> <!-- ST_TC11_Create_Color_ -->
        <test-method is-config="true" signature="setUpend()[pri:0, instance:smoketests.ST_TC11_Create_Color@66ea810]" started-at="2025-07-02T09:12:03 IST" name="setUpend" finished-at="2025-07-02T09:12:04 IST" duration-ms="202" status="PASS">
          <reporter-output>
          </reporter-output>
        </test-method> <!-- setUpend -->
        <test-method is-config="true" signature="afterMethod(org.testng.ITestResult)[pri:0, instance:smoketests.ST_TC11_Create_Color@66ea810]" started-at="2025-07-02T09:12:04 IST" name="afterMethod" finished-at="2025-07-02T09:12:04 IST" duration-ms="2" status="PASS">
          <params>
            <param index="0">
              <value>
                <![CDATA[[TestResult name=ST_TC11_Create_Color_ status=SUCCESS method=ST_TC11_Create_Color.ST_TC11_Create_Color_(java.lang.String,java.lang.String,java.lang.String,java.lang.String,java.lang.String,java.lang.String,java.lang.String,java.lang.String,java.lang.String,java.lang.String)[pri:0, instance:smoketests.ST_TC11_Create_Color@66ea810] output={null}]]]>
              </value>
            </param>
          </params>
          <reporter-output>
          </reporter-output>
        </test-method> <!-- afterMethod -->
        <test-method is-config="true" signature="tearDown()[pri:0, instance:smoketests.ST_TC11_Create_Color@66ea810]" started-at="2025-07-02T09:12:04 IST" name="tearDown" finished-at="2025-07-02T09:12:04 IST" duration-ms="348" status="PASS">
          <reporter-output>
          </reporter-output>
        </test-method> <!-- tearDown -->
      </class> <!-- smoketests.ST_TC11_Create_Color -->
    </test> <!-- Default test -->
  </suite> <!-- Default suite -->
</testng-results>
