<?xml version="1.0" encoding="UTF-8"?>
<testng-results ignored="0" total="1" passed="1" failed="0" skipped="0">
  <reporter-output>
  </reporter-output>
  <suite started-at="2025-07-02T08:18:15 IST" name="Default suite" finished-at="2025-07-02T08:19:46 IST" duration-ms="91661">
    <groups>
      <group name="E2E_TC">
        <method signature="QuickSearchTest.searchFlexPLMObject()[pri:0, instance:smoketests.QuickSearchTest@66ea810]" name="searchFlexPLMObject" class="smoketests.QuickSearchTest"/>
      </group> <!-- E2E_TC -->
    </groups>
    <test started-at="2025-07-02T08:18:15 IST" name="Default test" finished-at="2025-07-02T08:19:46 IST" duration-ms="91661">
      <class name="smoketests.QuickSearchTest">
        <test-method is-config="true" signature="CreateSummary()[pri:0, instance:smoketests.QuickSearchTest@66ea810]" started-at="2025-07-02T08:18:15 IST" name="CreateSummary" finished-at="2025-07-02T08:18:15 IST" duration-ms="15" status="PASS">
          <reporter-output>
          </reporter-output>
        </test-method> <!-- CreateSummary -->
        <test-method is-config="true" signature="setUp()[pri:0, instance:smoketests.QuickSearchTest@66ea810]" started-at="2025-07-02T08:18:15 IST" name="setUp" finished-at="2025-07-02T08:18:36 IST" duration-ms="21297" status="PASS">
          <reporter-output>
          </reporter-output>
        </test-method> <!-- setUp -->
        <test-method signature="searchFlexPLMObject()[pri:0, instance:smoketests.QuickSearchTest@66ea810]" started-at="2025-07-02T08:18:36 IST" name="searchFlexPLMObject" finished-at="2025-07-02T08:19:46 IST" duration-ms="69961" status="PASS">
          <reporter-output>
          </reporter-output>
        </test-method> <!-- searchFlexPLMObject -->
        <test-method is-config="true" signature="setUpend()[pri:0, instance:smoketests.QuickSearchTest@66ea810]" started-at="2025-07-02T08:19:46 IST" name="setUpend" finished-at="2025-07-02T08:19:46 IST" duration-ms="336" status="PASS">
          <reporter-output>
          </reporter-output>
        </test-method> <!-- setUpend -->
        <test-method is-config="true" signature="afterMethod(org.testng.ITestResult)[pri:0, instance:smoketests.QuickSearchTest@66ea810]" started-at="2025-07-02T08:19:46 IST" name="afterMethod" finished-at="2025-07-02T08:19:46 IST" duration-ms="2" status="PASS">
          <params>
            <param index="0">
              <value>
                <![CDATA[[TestResult name=searchFlexPLMObject status=SUCCESS method=QuickSearchTest.searchFlexPLMObject()[pri:0, instance:smoketests.QuickSearchTest@66ea810] output={null}]]]>
              </value>
            </param>
          </params>
          <reporter-output>
          </reporter-output>
        </test-method> <!-- afterMethod -->
        <test-method is-config="true" signature="tearDown()[pri:0, instance:smoketests.QuickSearchTest@66ea810]" started-at="2025-07-02T08:19:46 IST" name="tearDown" finished-at="2025-07-02T08:19:47 IST" duration-ms="290" status="PASS">
          <reporter-output>
          </reporter-output>
        </test-method> <!-- tearDown -->
      </class> <!-- smoketests.QuickSearchTest -->
    </test> <!-- Default test -->
  </suite> <!-- Default suite -->
</testng-results>
